20:17:31 **** Incremental Build of configuration Debug for project 2-Control_LED_Animations_Using_Button ****
make all 
Building file: ../main.c
Invoking: AVR Compiler
avr-gcc -Wall -g2 -gstabs -O0 -fpack-struct -fshort-enums -ffunction-sections -fdata-sections -std=gnu99 -funsigned-char -funsigned-bitfields -mmcu=atmega32 -DF_CPU=8000000UL -MMD -MP -MF"main.d" -MT"main.o" -c -o "main.o" "../main.c"
In file included from ../main.c:9:
d:/embedded systems diploma/tools/imt_sdk_win_64/winavr/lib/gcc/../../avr/include/Util/delay.h:90:3: warning: #warning "Compiler optimizations disabled; functions from <util/delay.h> won't work as designed"
../main.c:19: warning: return type of 'main' is not 'int'
Finished building: ../main.c
 
Building target: 2-Control_LED_Animations_Using_Button.elf
Invoking: AVR C Linker
avr-gcc -Wl,-Map,2-Control_LED_Animations_Using_Button.map -mmcu=atmega32 -o "2-Control_LED_Animations_Using_Button.elf"  ./DIO_program.o ./LED_program.o ./SW_program.o ./main.o   
Finished building target: 2-Control_LED_Animations_Using_Button.elf
 
Invoking: AVR Create Extended Listing
avr-objdump -h -S 2-Control_LED_Animations_Using_Button.elf  >"2-Control_LED_Animations_Using_Button.lss"
Finished building: 2-Control_LED_Animations_Using_Button.lss
 
Create Flash image (ihex format)
avr-objcopy -R .eeprom -R .fuse -R .lock -R .signature -O ihex 2-Control_LED_Animations_Using_Button.elf  "2-Control_LED_Animations_Using_Button.hex"
Finished building: 2-Control_LED_Animations_Using_Button.hex
 
Invoking: Print Size
avr-size --format=avr --mcu=atmega32 2-Control_LED_Animations_Using_Button.elf
AVR Memory Usage
----------------
Device: atmega32

Program:   10022 bytes (30.6% Full)
(.text + .data + .bootloader)

Data:         32 bytes (1.6% Full)
(.data + .bss + .noinit)


Finished building: sizedummy
 

20:17:35 Build Finished (took 4s.448ms)

